[Running] C:\Users\feliu\AppData\Local\Programs\Python\Python312\python.exe -u "c:\Users\feliu\OneDrive\Documentos\AA-Web-Scraping\Aprendiendo - Web Scraping\Lead SerpAPI\google_maps_api\zap_arg\zap_arg_50_250.py"
Requests planificadas por tiers (info): 156
[OK] Ciudad de Buenos Aires start=0 -> añadidos 4
[OK] Ciudad de Buenos Aires start=20 -> añadidos 7
[OK] Ciudad de Buenos Aires start=40 -> añadidos 5
[OK] Ciudad de Buenos Aires start=60 -> añadidos 7
[OK] Ciudad de Buenos Aires start=80 -> añadidos 8
[OK] Rosario start=0 -> añadidos 20
[OK] Rosario start=20 -> añadidos 18
[OK] Rosario start=40 -> añadidos 17
[OK] Rosario start=60 -> añadidos 18
[OK] Rosario start=80 -> añadidos 17
[OK] Mendoza start=0 -> añadidos 20
[OK] Mendoza start=20 -> añadidos 19
[OK] Mendoza start=40 -> añadidos 20
[OK] Mendoza start=60 -> añadidos 15
[OK] Mendoza start=80 -> añadidos 17
[OK] San Miguel de Tucumán start=0 -> añadidos 20
[OK] San Miguel de Tucumán start=20 -> añadidos 20
[OK] San Miguel de Tucumán start=40 -> añadidos 16
[OK] San Miguel de Tucumán start=60 -> añadidos 20
[OK] San Miguel de Tucumán start=80 -> añadidos 18
[OK] Salta start=0 -> añadidos 20
[OK] Salta start=20 -> añadidos 19
[OK] Salta start=40 -> añadidos 19
[OK] Salta start=60 -> añadidos 20
[OK] Salta start=80 -> añadidos 19
[OK] Santa Fe start=0 -> añadidos 20
[OK] Santa Fe start=20 -> añadidos 19
[OK] Santa Fe start=40 -> añadidos 19
[OK] Santa Fe start=60 -> añadidos 17
[OK] Santa Fe start=80 -> añadidos 18
[OK] La Plata start=0 -> añadidos 0
[OK] La Plata start=20 -> añadidos 2
[OK] La Plata start=40 -> añadidos 0
[OK] La Plata start=60 -> añadidos 0
[OK] Mar del Plata start=0 -> añadidos 0
[OK] Mar del Plata start=20 -> añadidos 1
[OK] Mar del Plata start=40 -> añadidos 1
[OK] Mar del Plata start=60 -> añadidos 0
[OK] Bahía Blanca start=0 -> añadidos 0
[OK] Bahía Blanca start=20 -> añadidos 1
[OK] Bahía Blanca start=40 -> añadidos 4
[OK] Bahía Blanca start=60 -> añadidos 0
[OK] Neuquén start=0 -> añadidos 20
[OK] Neuquén start=20 -> añadidos 17
[OK] Neuquén start=40 -> añadidos 20
[OK] Neuquén start=60 -> añadidos 19
[OK] Posadas start=0 -> añadidos 20
[OK] Posadas start=20 -> añadidos 20
[OK] Posadas start=40 -> añadidos 12
[ERROR] Posadas start=60 -> Google hasn't returned any results for this query.
[OK] Paraná start=0 -> añadidos 20
[OK] Paraná start=20 -> añadidos 20
[OK] Paraná start=40 -> añadidos 20
[OK] Paraná start=60 -> añadidos 20
[OK] Resistencia start=0 -> añadidos 20
[OK] Resistencia start=20 -> añadidos 20
[ERROR] Resistencia start=40 -> Google hasn't returned any results for this query.
[ERROR] Resistencia start=60 -> Google hasn't returned any results for this query.
[OK] Corrientes start=0 -> añadidos 20
[OK] Corrientes start=20 -> añadidos 19
[OK] Corrientes start=40 -> añadidos 19
[ERROR] Corrientes start=60 -> Google hasn't returned any results for this query.
[OK] San Juan start=0 -> añadidos 20
[OK] San Juan start=20 -> añadidos 19
[OK] San Juan start=40 -> añadidos 4
[ERROR] San Juan start=60 -> Google hasn't returned any results for this query.
[OK] San Luis start=0 -> añadidos 20
[OK] San Luis start=20 -> añadidos 19
[OK] San Luis start=40 -> añadidos 5
[ERROR] San Luis start=60 -> Google hasn't returned any results for this query.
[OK] Santiago del Estero start=0 -> añadidos 20
[OK] Santiago del Estero start=20 -> añadidos 16
[ERROR] Santiago del Estero start=40 -> Google hasn't returned any results for this query.
[ERROR] Santiago del Estero start=60 -> Google hasn't returned any results for this query.
[OK] San Salvador de Jujuy start=0 -> añadidos 20
[OK] San Salvador de Jujuy start=20 -> añadidos 12
[OK] San Salvador de Jujuy start=40 -> añadidos 16
[OK] San Salvador de Jujuy start=60 -> añadidos 17
[OK] Quilmes start=0 -> añadidos 0
[OK] Quilmes start=20 -> añadidos 1
[OK] Quilmes start=40 -> añadidos 0
[OK] Lomas de Zamora start=0 -> añadidos 0
[OK] Lomas de Zamora start=20 -> añadidos 1
[OK] Lomas de Zamora start=40 -> añadidos 1
[OK] Lanús start=0 -> añadidos 0
[OK] Lanús start=20 -> añadidos 1
[OK] Lanús start=40 -> añadidos 1
[OK] Avellaneda start=0 -> añadidos 0
[OK] Avellaneda start=20 -> añadidos 0
[OK] Avellaneda start=40 -> añadidos 0
[OK] La Matanza (San Justo) start=0 -> añadidos 1
[OK] La Matanza (San Justo) start=20 -> añadidos 3
[OK] La Matanza (San Justo) start=40 -> añadidos 5
[OK] Tres de Febrero (Caseros) start=0 -> añadidos 20
[OK] Tres de Febrero (Caseros) start=20 -> añadidos 20
[OK] Tres de Febrero (Caseros) start=40 -> añadidos 19
[OK] San Isidro start=0 -> añadidos 19
[OK] San Isidro start=20 -> añadidos 20
[OK] San Isidro start=40 -> añadidos 10
[OK] Vicente López start=0 -> añadidos 19
[ERROR] Vicente López start=20 -> Google hasn't returned any results for this query.
[ERROR] Vicente López start=40 -> Google hasn't returned any results for this query.
[OK] Tigre start=0 -> añadidos 10
[ERROR] Tigre start=20 -> Google hasn't returned any results for this query.
[ERROR] Tigre start=40 -> Google hasn't returned any results for this query.
[OK] San Martín start=0 -> añadidos 19
[OK] San Martín start=20 -> añadidos 18
[OK] San Martín start=40 -> añadidos 13
[OK] Florencio Varela start=0 -> añadidos 20
[OK] Florencio Varela start=20 -> añadidos 19
[OK] Florencio Varela start=40 -> añadidos 20
[OK] Berazategui start=0 -> añadidos 19
[OK] Berazategui start=20 -> añadidos 18
[OK] Berazategui start=40 -> añadidos 10
[OK] Pilar start=0 -> añadidos 19
[OK] Pilar start=20 -> añadidos 19
[ERROR] Pilar start=40 -> Google hasn't returned any results for this query.
[OK] San Nicolás de los Arroyos start=0 -> añadidos 20
[OK] San Nicolás de los Arroyos start=20 -> añadidos 17
[ERROR] San Nicolás de los Arroyos start=40 -> Google hasn't returned any results for this query.
[OK] Tandil start=0 -> añadidos 20
[OK] Tandil start=20 -> añadidos 10
[ERROR] Tandil start=40 -> Google hasn't returned any results for this query.
[OK] Olavarría start=0 -> añadidos 20
[OK] Olavarría start=20 -> añadidos 19
[OK] Olavarría start=40 -> añadidos 18
[OK] Junín start=0 -> añadidos 20
[OK] Junín start=20 -> añadidos 17
[OK] Junín start=40 -> añadidos 20
[OK] Pergamino start=0 -> añadidos 20
[OK] Pergamino start=20 -> añadidos 4
[ERROR] Pergamino start=40 -> Google hasn't returned any results for this query.
[OK] Necochea start=0 -> añadidos 20
[OK] Necochea start=20 -> añadidos 15
[ERROR] Necochea start=40 -> Google hasn't returned any results for this query.
[OK] Campana start=0 -> añadidos 20
[OK] Campana start=20 -> añadidos 3
[ERROR] Campana start=40 -> Google hasn't returned any results for this query.
[OK] Zárate start=0 -> añadidos 20
[OK] Zárate start=20 -> añadidos 14
[ERROR] Zárate start=40 -> Google hasn't returned any results for this query.
[OK] Rio cuarto start=0 -> añadidos 20
[OK] Rio cuarto start=20 -> añadidos 16
[ERROR] Rio cuarto start=40 -> Google hasn't returned any results for this query.
[OK] Bariloche start=0 -> añadidos 20
[OK] Bariloche start=20 -> añadidos 13
[ERROR] Bariloche start=40 -> Google hasn't returned any results for this query.
[OK] Comodoro Rivadavia start=0 -> añadidos 20
[OK] Comodoro Rivadavia start=20 -> añadidos 8
[ERROR] Comodoro Rivadavia start=40 -> Google hasn't returned any results for this query.
[OK] Ushuaia start=0 -> añadidos 20
[OK] Ushuaia start=20 -> añadidos 20
[OK] Río Gallegos start=0 -> añadidos 20
[OK] Río Gallegos start=20 -> añadidos 10
[OK] San Rafael start=0 -> añadidos 20
[OK] San Rafael start=20 -> añadidos 18

--- Resumen ---
Requests nuevos (esta corrida): 134 / 200
Resultados únicos acumulados: 2681
Guardado en zapaterias_argentina.json